Arguments: 
  /usr/local/bin/node /usr/local/bin/yarn build

PATH: 
  /usr/local/lib/node_modules/npm/node_modules/npm-lifecycle/node-gyp-bin:/Users/georgeperry/Documents/Coding/Jobs/mv-front-end-coding-test/node_modules/.bin:/usr/local/bin:/usr/bin:/bin:/usr/sbin:/sbin

Yarn version: 
  1.5.1

Node version: 
  8.5.0

Platform: 
  darwin x64

npm manifest: 
  {
    "name": "mv-front-end-coding-test",
    "version": "1.0.0",
    "description": "**Please upload this project to your preferred source control platform and share with Model Village. Place your work inside the `/test` folder**",
    "main": "index.js",
    "directories": {
      "test": "test"
    },
    "scripts": {
      "start": "yarn build",
      "build": "mkdir dist &> /dev/null || : && cp src/index.html dist/index.html && webpack-dev-server --mode development --content-base src/ --inline --hot",
      "build:prod": "webpack -p --mode production && cp src/index.html dist/index.html"
    },
    "repository": {
      "type": "git",
      "url": "git+https://github.com/modelvillage/mv-front-end-coding-test.git"
    },
    "author": "George Perry <gmperry18@gmail.com> (https://georgeperry.herokuapp.com/)",
    "license": "ISC",
    "bugs": {
      "url": "https://github.com/modelvillage/mv-front-end-coding-test/issues"
    },
    "homepage": "https://github.com/modelvillage/mv-front-end-coding-test#readme",
    "dependencies": {
      "babel-core": "^6.26.0",
      "babel-loader": "^7.1.4",
      "babel-polyfill": "^6.26.0",
      "babel-preset-env": "^1.6.1",
      "babel-preset-es2015": "^6.24.1",
      "babel-preset-react": "^6.24.1",
      "babel-preset-stage-0": "^6.24.1",
      "css-loader": "^0.28.11",
      "dotenv": "^5.0.1",
      "file-loader": "^1.1.11",
      "json-loader": "^0.5.7",
      "prop-types": "^15.6.1",
      "react": "^16.3.1",
      "react-dom": "^16.3.1",
      "react-hot-loader": "^4.0.1",
      "react-redux": "^5.0.7",
      "redux": "^3.7.2",
      "redux-devtools-extension": "^2.13.2",
      "redux-logger": "^3.0.6",
      "redux-thunk": "^2.2.0",
      "seamless-immutable": "^7.1.3",
      "style-loader": "^0.20.3",
      "webpack": "^4.5.0",
      "webpack-cli": "^2.0.14",
      "webpack-dev-server": "^3.1.3"
    }
  }

yarn manifest: 
  No manifest

Lockfile: 
  No lockfile

Trace: 
  Error: Command failed.
  Exit code: 1
  Command: sh
  Arguments: -c mkdir dist &> /dev/null || : && cp src/index.html dist/index.html && webpack-dev-server --mode development --content-base src/ --inline --hot
  Directory: /Users/georgeperry/Documents/Coding/Jobs/mv-front-end-coding-test
  Output:
  
      at ProcessTermError.MessageError (/usr/local/lib/node_modules/yarn/lib/cli.js:186:110)
      at new ProcessTermError (/usr/local/lib/node_modules/yarn/lib/cli.js:226:113)
      at ChildProcess.<anonymous> (/usr/local/lib/node_modules/yarn/lib/cli.js:30281:17)
      at emitTwo (events.js:125:13)
      at ChildProcess.emit (events.js:213:7)
      at maybeClose (internal/child_process.js:927:16)
      at Process.ChildProcess._handle.onexit (internal/child_process.js:211:5)
